<?xml version="1.0" encoding="UTF-8"?>
<!-- Generated by org.testng.reporters.JUnitReportReporter -->
<testsuite hostname="Filca" failures="0" tests="3" name="TestCases" time="0.007" errors="0" timestamp="2024-04-10T09:46:34 CEST" skipped="0">
  <testcase classname="TestCases" name="test3" time="0.000"/>
  <testcase classname="TestCases" name="test1" time="0.006"/>
  <testcase classname="TestCases" name="test2" time="0.001"/>
</testsuite> <!-- TestCases -->
